import { registerInstance as __stencil_registerInstance } from "@stencil/core";
import { Server, } from 'stellar-sdk';
import componentWillLoad from './events/componentWillLoad'; // UPDATE
import render from './events/render'; // UPDATE
import createAccount from './methods/createAccount';
import updateAccount from './methods/updateAccount';
import depositAsset from './methods/depositAsset'; // NEW
import withdrawAsset from './methods/withdrawAsset'; // NEW
import trustAsset from './methods/trustAsset';
import makePayment from './methods/makePayment';
import copyAddress from './methods/copyAddress';
import copySecret from './methods/copySecret';
import signOut from './methods/signOut';
import setPrompt from './methods/setPrompt';
import viewDetails from './methods/viewDetails';
import viewTransactions from './methods/viewTransactions';
export const Wallet = class {
    constructor(hostRef) {
        __stencil_registerInstance(this, hostRef);
        this.prompter = { show: false };
        this.loading = {};
        this.server = new Server('https://horizon-testnet.stellar.org');
        this.homeDomain = 'testanchor.stellar.org';
        // Stellar methods
        this.createAccount = createAccount;
        this.updateAccount = updateAccount;
        this.depositAsset = depositAsset; // NEW
        this.withdrawAsset = withdrawAsset; // NEW
        this.trustAsset = trustAsset;
        this.makePayment = makePayment;
        this.copyAddress = copyAddress;
        this.copySecret = copySecret;
        this.signOut = signOut;
        this.viewDetails = viewDetails;
        this.viewTransactions = viewTransactions;
        // Misc methods
        this.setPrompt = setPrompt;
    }
    // Component events
    componentWillLoad() { }
    render() { }
    static get style() { return "STYLE_TEXT_PLACEHOLDER:stellar-wallet"; }
};
Wallet.prototype.componentWillLoad = componentWillLoad;
Wallet.prototype.render = render;
